2838407: record_number = 78576
2838407: preferred_spawning_temp_cod = false
2838407: suitable_living_temp_cod = true
2838407: suitable_spawning_temp_cod = true
2838407: temperature = 7.46999979019165
2919808: record_number = 78577
2919808: preferred_spawning_temp_cod = false
2919808: suitable_living_temp_cod = true
2919808: suitable_spawning_temp_cod = true
2919808: temperature = 7.449999809265137
2937008: record_number = 78578
2937008: preferred_spawning_temp_cod = false
2937008: suitable_living_temp_cod = true
2937008: suitable_spawning_temp_cod = true
2937008: temperature = 7.489999771118164
2952708: record_number = 78579
2952708: preferred_spawning_temp_cod = false
2952708: suitable_living_temp_cod = true
2952708: suitable_spawning_temp_cod = true
2952708: temperature = 7.480000019073486
2968808: record_number = 78580
2968808: preferred_spawning_temp_cod = false
2968808: suitable_living_temp_cod = true
2968808: suitable_spawning_temp_cod = true
2968808: temperature = 7.489999771118164
2984608: record_number = 78581
2984608: preferred_spawning_temp_cod = false
2984608: suitable_living_temp_cod = true
2984608: suitable_spawning_temp_cod = true
2984608: temperature = 7.480000019073486
3000508: record_number = 78582
3000508: preferred_spawning_temp_cod = false
3000508: suitable_living_temp_cod = true
3000508: suitable_spawning_temp_cod = true
3000508: temperature = 7.46999979019165
3016008: record_number = 78583
3016008: preferred_spawning_temp_cod = false
3016008: suitable_living_temp_cod = true
3016008: suitable_spawning_temp_cod = true
3016008: temperature = 7.46999979019165
3031908: record_number = 78584
3031908: preferred_spawning_temp_cod = false
3031908: suitable_living_temp_cod = true
3031908: suitable_spawning_temp_cod = true
3031908: temperature = 7.460000038146973
3047408: record_number = 78585
3047408: preferred_spawning_temp_cod = false
3047408: suitable_living_temp_cod = true
3047408: suitable_spawning_temp_cod = true
3047408: temperature = 7.460000038146973
